<?xml version="1.0" encoding="UTF-8" standalone="yes" ?>
<test-results name="D:\MyRepository\ports-and-adapter-delphi\test\Win32\Debug\porstandadapter.test.exe" total="1" errors="0" failures="0" ignored="0" inconclusive="0" not-run="0" skipped="0" invalid="0" date="2023-05-04" time="8.649">
  <culture-info current-culture="en" current-uiculture="en" />
  <test-suite type="Assembly" name="porstandadapter.test.exe" executed="true" result="Success" success="True" time="8.649" asserts="0">
    <results>
        <test-suite type="Namespace" name="portsandadpter" executed="true" result="Success" success="True" time="8.648" asserts="0" >
          <results>
              <test-suite type="Fixture" name="TAPITest" executed="True" result="Success" success="True" time="8.648" >
                <results>
                  <test-case name="DeveFazerUmCheckin" executed="True" result="Success" success="True" time="8.646" asserts="0" />
                </results>
              </test-suite>
          </results>
        </test-suite>
    </results>
  </test-suite>
</test-results>
